<?xml version="1.0" encoding="UTF-8"?>
<!-- Generated by org.testng.reporters.JUnitReportReporter -->
<testsuite hostname="DESKTOP-CFSKSBJ" failures="0" tests="4" name="api.test.UserTests" time="8.489" errors="0" timestamp="2024-09-29T22:35:45 IST" skipped="0">
  <testcase classname="api.test.UserTests" name="testPostUser" time="3.332"/>
  <system-out/>
  <testcase classname="api.test.UserTests" name="testGetUserByName" time="1.295"/>
  <system-out/>
  <testcase classname="api.test.UserTests" name="testUpdateUserByName" time="2.596"/>
  <system-out/>
  <testcase classname="api.test.UserTests" name="testDeleteUserByName" time="1.266"/>
  <system-out/>
</testsuite> <!-- api.test.UserTests -->
